[15:20:42] [Server thread/INFO]: Starting minecraft server version 1.12.2
[15:20:42] [Server thread/INFO]: Loading properties
[15:20:42] [Server thread/INFO]: Default game type: SURVIVAL
[15:20:44] [Server thread/INFO]: This server is running CraftBukkit version git-Spigot-dcd1643-e60fc34 (MC: 1.12.2) (Implementing API version 1.12.2-R0.1-SNAPSHOT)
[15:20:45] [Server thread/INFO]: Debug logging is disabled
[15:20:45] [Server thread/INFO]: Server Ping Player Sample Count: 12
[15:20:45] [Server thread/INFO]: Using 4 threads for Netty based IO
[15:20:45] [Server thread/INFO]: Generating keypair
[15:20:47] [Server thread/INFO]: Starting Minecraft server on *:25565
[15:20:47] [Server thread/INFO]: Using default channel type
[15:20:50] [Server thread/WARN]: **** SERVER IS RUNNING IN OFFLINE/INSECURE MODE!
[15:20:50] [Server thread/WARN]: The server will make no attempt to authenticate usernames. Beware.
[15:20:50] [Server thread/WARN]: While this makes the game possible to play without internet access, it also opens up the ability for hackers to connect with any username they choose.
[15:20:50] [Server thread/WARN]: To change this, set "online-mode" to "true" in the server.properties file.
[15:20:50] [Server thread/INFO]: **** Beginning UUID conversion, this may take A LONG time ****
[15:20:50] [Server thread/INFO]: Preparing level "world"
[15:20:50] [Server thread/INFO]: -------- World Settings For [world] --------
[15:20:50] [Server thread/INFO]: Item Merge Radius: 2.5
[15:20:50] [Server thread/INFO]: Item Despawn Rate: 6000
[15:20:50] [Server thread/INFO]: Allow Zombie Pigmen to spawn from portal blocks: true
[15:20:50] [Server thread/INFO]: Arrow Despawn Rate: 1200
[15:20:50] [Server thread/INFO]: View Distance: 10
[15:20:50] [Server thread/INFO]: Nerfing mobs spawned from spawners: false
[15:20:50] [Server thread/INFO]: Zombie Aggressive Towards Villager: true
[15:20:50] [Server thread/INFO]: Experience Merge Radius: 3.0
[15:20:50] [Server thread/INFO]: Hopper Transfer: 8 Hopper Check: 1 Hopper Amount: 1
[15:20:50] [Server thread/INFO]: Custom Map Seeds:  Village: 10387312 Feature: 14357617 Monument: 10387313 Slime: 987234911
[15:20:50] [Server thread/INFO]: Entity Tracking Range: Pl 48 / An 48 / Mo 48 / Mi 32 / Other 64
[15:20:50] [Server thread/INFO]: Random Lighting Updates: false
[15:20:50] [Server thread/INFO]: Structure Info Saving: true
[15:20:50] [Server thread/INFO]: Mob Spawn Range: 4
[15:20:50] [Server thread/INFO]: Cactus Growth Modifier: 100%
[15:20:50] [Server thread/INFO]: Cane Growth Modifier: 100%
[15:20:50] [Server thread/INFO]: Melon Growth Modifier: 100%
[15:20:50] [Server thread/INFO]: Mushroom Growth Modifier: 100%
[15:20:50] [Server thread/INFO]: Pumpkin Growth Modifier: 100%
[15:20:50] [Server thread/INFO]: Sapling Growth Modifier: 100%
[15:20:50] [Server thread/INFO]: Wheat Growth Modifier: 100%
[15:20:50] [Server thread/INFO]: NetherWart Growth Modifier: 100%
[15:20:50] [Server thread/INFO]: Vine Growth Modifier: 100%
[15:20:50] [Server thread/INFO]: Cocoa Growth Modifier: 100%
[15:20:50] [Server thread/INFO]: Entity Activation Range: An 32 / Mo 32 / Mi 16 / Tiv true
[15:20:50] [Server thread/INFO]: Tile Max Tick Time: 50ms Entity max Tick Time: 50ms
[15:20:50] [Server thread/INFO]: Max TNT Explosions: 100
[15:20:52] [Server thread/INFO]: -------- World Settings For [world_nether] --------
[15:20:52] [Server thread/INFO]: Item Merge Radius: 2.5
[15:20:52] [Server thread/INFO]: Item Despawn Rate: 6000
[15:20:52] [Server thread/INFO]: Allow Zombie Pigmen to spawn from portal blocks: true
[15:20:52] [Server thread/INFO]: Arrow Despawn Rate: 1200
[15:20:52] [Server thread/INFO]: View Distance: 10
[15:20:52] [Server thread/INFO]: Nerfing mobs spawned from spawners: false
[15:20:52] [Server thread/INFO]: Zombie Aggressive Towards Villager: true
[15:20:52] [Server thread/INFO]: Experience Merge Radius: 3.0
[15:20:52] [Server thread/INFO]: Hopper Transfer: 8 Hopper Check: 1 Hopper Amount: 1
[15:20:52] [Server thread/INFO]: Custom Map Seeds:  Village: 10387312 Feature: 14357617 Monument: 10387313 Slime: 987234911
[15:20:52] [Server thread/INFO]: Entity Tracking Range: Pl 48 / An 48 / Mo 48 / Mi 32 / Other 64
[15:20:52] [Server thread/INFO]: Random Lighting Updates: false
[15:20:52] [Server thread/INFO]: Structure Info Saving: true
[15:20:52] [Server thread/INFO]: Mob Spawn Range: 4
[15:20:52] [Server thread/INFO]: Cactus Growth Modifier: 100%
[15:20:52] [Server thread/INFO]: Cane Growth Modifier: 100%
[15:20:52] [Server thread/INFO]: Melon Growth Modifier: 100%
[15:20:52] [Server thread/INFO]: Mushroom Growth Modifier: 100%
[15:20:52] [Server thread/INFO]: Pumpkin Growth Modifier: 100%
[15:20:52] [Server thread/INFO]: Sapling Growth Modifier: 100%
[15:20:52] [Server thread/INFO]: Wheat Growth Modifier: 100%
[15:20:52] [Server thread/INFO]: NetherWart Growth Modifier: 100%
[15:20:52] [Server thread/INFO]: Vine Growth Modifier: 100%
[15:20:52] [Server thread/INFO]: Cocoa Growth Modifier: 100%
[15:20:52] [Server thread/INFO]: Entity Activation Range: An 32 / Mo 32 / Mi 16 / Tiv true
[15:20:52] [Server thread/INFO]: Tile Max Tick Time: 50ms Entity max Tick Time: 50ms
[15:20:52] [Server thread/INFO]: Max TNT Explosions: 100
[15:20:52] [Server thread/INFO]: -------- World Settings For [world_the_end] --------
[15:20:52] [Server thread/INFO]: Item Merge Radius: 2.5
[15:20:52] [Server thread/INFO]: Item Despawn Rate: 6000
[15:20:52] [Server thread/INFO]: Allow Zombie Pigmen to spawn from portal blocks: true
[15:20:52] [Server thread/INFO]: Arrow Despawn Rate: 1200
[15:20:52] [Server thread/INFO]: View Distance: 10
[15:20:52] [Server thread/INFO]: Nerfing mobs spawned from spawners: false
[15:20:52] [Server thread/INFO]: Zombie Aggressive Towards Villager: true
[15:20:52] [Server thread/INFO]: Experience Merge Radius: 3.0
[15:20:52] [Server thread/INFO]: Hopper Transfer: 8 Hopper Check: 1 Hopper Amount: 1
[15:20:52] [Server thread/INFO]: Custom Map Seeds:  Village: 10387312 Feature: 14357617 Monument: 10387313 Slime: 987234911
[15:20:52] [Server thread/INFO]: Entity Tracking Range: Pl 48 / An 48 / Mo 48 / Mi 32 / Other 64
[15:20:52] [Server thread/INFO]: Random Lighting Updates: false
[15:20:52] [Server thread/INFO]: Structure Info Saving: true
[15:20:52] [Server thread/INFO]: Mob Spawn Range: 4
[15:20:52] [Server thread/INFO]: Cactus Growth Modifier: 100%
[15:20:52] [Server thread/INFO]: Cane Growth Modifier: 100%
[15:20:52] [Server thread/INFO]: Melon Growth Modifier: 100%
[15:20:52] [Server thread/INFO]: Mushroom Growth Modifier: 100%
[15:20:52] [Server thread/INFO]: Pumpkin Growth Modifier: 100%
[15:20:52] [Server thread/INFO]: Sapling Growth Modifier: 100%
[15:20:52] [Server thread/INFO]: Wheat Growth Modifier: 100%
[15:20:52] [Server thread/INFO]: NetherWart Growth Modifier: 100%
[15:20:52] [Server thread/INFO]: Vine Growth Modifier: 100%
[15:20:52] [Server thread/INFO]: Cocoa Growth Modifier: 100%
[15:20:52] [Server thread/INFO]: Entity Activation Range: An 32 / Mo 32 / Mi 16 / Tiv true
[15:20:52] [Server thread/INFO]: Tile Max Tick Time: 50ms Entity max Tick Time: 50ms
[15:20:52] [Server thread/INFO]: Max TNT Explosions: 100
[15:20:53] [Server thread/INFO]: Preparing start region for level 0 (Seed: 7842739232788845788)
[15:20:54] [Server thread/INFO]: Preparing spawn area: 0%
[15:20:55] [Server thread/INFO]: Preparing spawn area: 15%
[15:20:56] [Server thread/INFO]: Preparing spawn area: 32%
[15:20:57] [Server thread/INFO]: Preparing spawn area: 44%
[15:20:58] [Server thread/INFO]: Preparing spawn area: 56%
[15:20:59] [Server thread/INFO]: Preparing spawn area: 71%
[15:21:00] [Server thread/INFO]: Preparing spawn area: 88%
[15:21:01] [Server thread/INFO]: Preparing start region for level 1 (Seed: 7842739232788845788)
[15:21:02] [Server thread/INFO]: Preparing spawn area: 10%
[15:21:03] [Server thread/INFO]: Preparing spawn area: 27%
[15:21:04] [Server thread/INFO]: Preparing spawn area: 39%
[15:21:05] [Server thread/INFO]: Preparing spawn area: 42%
[15:21:06] [Server thread/INFO]: Preparing spawn area: 48%
[15:21:07] [Server thread/INFO]: Preparing spawn area: 58%
[15:21:08] [Server thread/INFO]: Preparing spawn area: 69%
[15:21:09] [Server thread/INFO]: Preparing spawn area: 78%
[15:21:10] [Server thread/INFO]: Preparing spawn area: 92%
[15:21:11] [Server thread/INFO]: Preparing start region for level 2 (Seed: 7842739232788845788)
[15:21:12] [Server thread/INFO]: Preparing spawn area: 44%
[15:21:13] [Server thread/INFO]: Preparing spawn area: 53%
[15:21:14] [Server thread/INFO]: Preparing spawn area: 92%
[15:21:14] [Server thread/INFO]: Server permissions file permissions.yml is empty, ignoring it
[15:21:14] [Server thread/INFO]: Done (23.541s)! For help, type "help" or "?"
[15:22:12] [User Authenticator #1/INFO]: UUID of player Grant is d10b4c0a-61ef-3b57-b33b-42c92ac3c1fc
[15:22:12] [Server thread/INFO]: Grant[/127.0.0.1:64243] logged in with entity id 82 at ([world]65.5, 64.0, -150.5)
[15:22:50] [Server thread/INFO]: Grant lost connection: Disconnected
[15:22:50] [Server thread/INFO]: Grant left the game
[15:22:53] [Server thread/INFO]: Stopping the server
[15:22:53] [Server thread/INFO]: Stopping server
[15:22:53] [Server thread/INFO]: Saving players
[15:22:54] [Server thread/INFO]: Saving worlds
[15:22:54] [Server thread/INFO]: Saving chunks for level 'world'/overworld
